2026-07-03 04:08:57 [DEBUG   ] test                 这是一条调试消息
2026-07-03 04:08:57 [INFO    ] test                 这是一条信息消息
2026-07-03 04:08:57 [WARNING ] test                 这是一条警告消息
2026-07-03 04:08:57 [ERROR   ] test                 这是一条错误消息
2026-07-03 04:24:34 [WARNING ] app.capture.screen_grabber 使用 PIL 后端（性能较低）
2026-07-03 04:25:00 [WARNING ] app.capture.screen_grabber 使用 PIL 后端（性能较低）
2026-07-03 04:25:36 [WARNING ] app.capture.screen_grabber 使用 PIL 后端（性能较低）
2026-07-03 04:25:55 [WARNING ] app.capture.screen_grabber 使用 PIL 后端（性能较低）
2026-07-03 04:26:23 [WARNING ] app.capture.screen_grabber 使用 PIL 后端（性能较低）
2026-07-03 04:26:23 [INFO    ] __main__             ================================================================================
2026-07-03 04:26:23 [INFO    ] __main__               Screenshot OCR Tool V2.1 Stable
2026-07-03 04:26:23 [INFO    ] __main__             ================================================================================
2026-07-03 04:26:23 [INFO    ] __main__             
2026-07-03 04:26:24 [INFO    ] __main__             DPI 缩放因子: 1.50
2026-07-03 04:26:24 [INFO    ] __main__             初始化 OCR 引擎（单例）...
2026-07-03 04:29:09 [WARNING ] app.capture.screen_grabber 使用 PIL 后端（性能较低）
2026-07-03 04:29:09 [INFO    ] __main__             ================================================================================
2026-07-03 04:29:09 [INFO    ] __main__               Screenshot OCR Tool V2.1 Stable
2026-07-03 04:29:09 [INFO    ] __main__             ================================================================================
2026-07-03 04:29:09 [INFO    ] __main__             
2026-07-03 04:29:10 [INFO    ] __main__             DPI 缩放因子: 1.50
2026-07-03 04:29:10 [INFO    ] __main__             初始化 OCR 引擎（单例）...
2026-07-03 04:29:17 [INFO    ] __main__             OCR 引擎就绪（paddle）
2026-07-03 04:29:17 [INFO    ] __main__             初始化 OCR 任务调度器（单例）...
2026-07-03 04:29:50 [WARNING ] app.capture.screen_grabber 使用 PIL 后端（性能较低）
2026-07-03 04:29:51 [INFO    ] __main__             ================================================================================
2026-07-03 04:29:51 [INFO    ] __main__               Screenshot OCR Tool V2.1 Stable
2026-07-03 04:29:51 [INFO    ] __main__             ================================================================================
2026-07-03 04:29:51 [INFO    ] __main__             
2026-07-03 04:29:51 [INFO    ] __main__             DPI 缩放因子: 1.50
2026-07-03 04:29:51 [INFO    ] __main__             初始化 OCR 引擎（单例）...
2026-07-03 04:30:37 [WARNING ] app.capture.screen_grabber 使用 PIL 后端（性能较低）
2026-07-03 04:30:38 [INFO    ] __main__             ================================================================================
2026-07-03 04:30:38 [INFO    ] __main__               Screenshot OCR Tool V2.1 Stable
2026-07-03 04:30:38 [INFO    ] __main__             ================================================================================
2026-07-03 04:30:38 [INFO    ] __main__             
2026-07-03 04:30:38 [INFO    ] __main__             DPI 缩放因子: 1.50
2026-07-03 04:30:38 [INFO    ] __main__             初始化 OCR 引擎（单例）...
2026-07-03 04:30:45 [INFO    ] __main__             OCR 引擎就绪（paddle）
2026-07-03 04:30:45 [INFO    ] __main__             初始化 OCR 任务调度器（单例）...
2026-07-03 04:31:44 [WARNING ] app.capture.screen_grabber 使用 PIL 后端（性能较低）
2026-07-03 04:31:45 [INFO    ] __main__             ================================================================================
2026-07-03 04:31:45 [INFO    ] __main__               Screenshot OCR Tool V2.1 Stable
2026-07-03 04:31:45 [INFO    ] __main__             ================================================================================
2026-07-03 04:31:45 [INFO    ] __main__             
2026-07-03 04:31:45 [INFO    ] __main__             DPI 缩放因子: 1.50
2026-07-03 04:31:45 [INFO    ] __main__             初始化 OCR 引擎（单例）...
2026-07-03 04:31:52 [INFO    ] __main__             OCR 引擎就绪（paddle）
2026-07-03 04:31:52 [INFO    ] __main__             初始化 OCR 任务调度器（单例）...
2026-07-03 04:31:52 [INFO    ] __main__             OCR 任务调度器就绪
2026-07-03 04:31:52 [INFO    ] __main__             创建主窗口...
2026-07-03 04:39:54 [WARNING ] app.capture.screen_grabber 使用 PIL 后端（性能较低）
2026-07-03 04:39:55 [INFO    ] __main__             ================================================================================
2026-07-03 04:39:55 [INFO    ] __main__               Screenshot OCR Tool V2.1 Stable
2026-07-03 04:39:55 [INFO    ] __main__             ================================================================================
2026-07-03 04:39:55 [INFO    ] __main__             
2026-07-03 04:39:55 [INFO    ] __main__             DPI 缩放因子: 1.50
2026-07-03 04:39:55 [INFO    ] __main__             初始化 OCR 引擎（单例）...
2026-07-03 04:40:02 [INFO    ] __main__             OCR 引擎就绪（paddle）
2026-07-03 04:40:02 [INFO    ] __main__             初始化 OCR 任务调度器（单例）...
2026-07-03 04:40:02 [INFO    ] __main__             OCR 任务调度器就绪
2026-07-03 04:40:02 [INFO    ] __main__             创建主窗口...
